{"/Users/vitorssouza/Workstation/Tevos Solutions/CelitoTech/backend/src/app.module.ts": {"path":"/Users/vitorssouza/Workstation/Tevos Solutions/CelitoTech/backend/src/app.module.ts","statementMap":{"0":{"start":{"line":1,"column":0},"end":{"line":1,"column":40}},"1":{"start":{"line":2,"column":0},"end":{"line":2,"column":48}},"2":{"start":{"line":4,"column":0},"end":{"line":4,"column":48}},"3":{"start":{"line":5,"column":0},"end":{"line":5,"column":56}},"4":{"start":{"line":6,"column":0},"end":{"line":6,"column":59}},"5":{"start":{"line":7,"column":0},"end":{"line":7,"column":68}},"6":{"start":{"line":20,"column":7},"end":{"line":20,"column":null}},"7":{"start":{"line":20,"column":13},"end":{"line":20,"column":22}},"8":{"start":{"line":20,"column":13},"end":{"line":20,"column":null}}},"fnMap":{},"branchMap":{},"s":{"0":0,"1":0,"2":0,"3":0,"4":0,"5":0,"6":0,"7":0,"8":0},"f":{},"b":{}}
,"/Users/vitorssouza/Workstation/Tevos Solutions/CelitoTech/backend/src/main.ts": {"path":"/Users/vitorssouza/Workstation/Tevos Solutions/CelitoTech/backend/src/main.ts","statementMap":{"0":{"start":{"line":1,"column":0},"end":{"line":1,"column":43}},"1":{"start":{"line":2,"column":0},"end":{"line":2,"column":48}},"2":{"start":{"line":4,"column":0},"end":{"line":4,"column":41}},"3":{"start":{"line":7,"column":14},"end":{"line":7,"column":49}},"4":{"start":{"line":8,"column":2},"end":{"line":8,"column":43}},"5":{"start":{"line":9,"column":2},"end":{"line":9,"column":45}},"6":{"start":{"line":11,"column":0},"end":{"line":11,"column":12}}},"fnMap":{"0":{"name":"bootstrap","decl":{"start":{"line":6,"column":15},"end":{"line":6,"column":24}},"loc":{"start":{"line":6,"column":24},"end":{"line":10,"column":1}}}},"branchMap":{"0":{"loc":{"start":{"line":9,"column":19},"end":{"line":9,"column":43}},"type":"binary-expr","locations":[{"start":{"line":9,"column":19},"end":{"line":9,"column":35}},{"start":{"line":9,"column":39},"end":{"line":9,"column":43}}]}},"s":{"0":0,"1":0,"2":0,"3":0,"4":0,"5":0,"6":0},"f":{"0":0},"b":{"0":[0,0]}}
,"/Users/vitorssouza/Workstation/Tevos Solutions/CelitoTech/backend/src/configs/authentication.ts": {"path":"/Users/vitorssouza/Workstation/Tevos Solutions/CelitoTech/backend/src/configs/authentication.ts","statementMap":{"0":{"start":{"line":1,"column":13},"end":{"line":3,"column":2}}},"fnMap":{},"branchMap":{},"s":{"0":0},"f":{},"b":{}}
,"/Users/vitorssouza/Workstation/Tevos Solutions/CelitoTech/backend/src/configs/typeorm.ts": {"path":"/Users/vitorssouza/Workstation/Tevos Solutions/CelitoTech/backend/src/configs/typeorm.ts","statementMap":{"0":{"start":{"line":1,"column":0},"end":{"line":1,"column":24}},"1":{"start":{"line":2,"column":0},"end":{"line":2,"column":32}},"2":{"start":{"line":4,"column":0},"end":{"line":4,"column":56}},"3":{"start":{"line":6,"column":0},"end":{"line":6,"column":9}},"4":{"start":{"line":8,"column":13},"end":{"line":17,"column":2}},"5":{"start":{"line":19,"column":22},"end":{"line":19,"column":70}},"6":{"start":{"line":21,"column":0},"end":{"line":21,"column":29}}},"fnMap":{},"branchMap":{"0":{"loc":{"start":{"line":15,"column":19},"end":{"line":15,"column":48}},"type":"binary-expr","locations":[{"start":{"line":15,"column":19},"end":{"line":15,"column":38}},{"start":{"line":15,"column":42},"end":{"line":15,"column":48}}]}},"s":{"0":0,"1":0,"2":0,"3":0,"4":0,"5":0,"6":0},"f":{},"b":{"0":[0,0]}}
,"/Users/vitorssouza/Workstation/Tevos Solutions/CelitoTech/backend/src/decorators/match.decorator.ts": {"path":"/Users/vitorssouza/Workstation/Tevos Solutions/CelitoTech/backend/src/decorators/match.decorator.ts","statementMap":{"0":{"start":{"line":22,"column":0},"end":{"line":22,"column":16}},"1":{"start":{"line":1,"column":0},"end":{"line":1,"column":null}},"2":{"start":{"line":10,"column":7},"end":{"line":20,"column":null}},"3":{"start":{"line":12,"column":38},"end":{"line":12,"column":54}},"4":{"start":{"line":13,"column":30},"end":{"line":13,"column":70}},"5":{"start":{"line":14,"column":8},"end":{"line":14,"column":38}},"6":{"start":{"line":18,"column":8},"end":{"line":18,"column":72}},"7":{"start":{"line":10,"column":13},"end":{"line":10,"column":28}},"8":{"start":{"line":10,"column":13},"end":{"line":20,"column":null}},"9":{"start":{"line":23,"column":4},"end":{"line":31,"column":6}},"10":{"start":{"line":24,"column":8},"end":{"line":30,"column":11}}},"fnMap":{"0":{"name":"(anonymous_1)","decl":{"start":{"line":11,"column":4},"end":{"line":11,"column":12}},"loc":{"start":{"line":11,"column":50},"end":{"line":15,"column":5}}},"1":{"name":"(anonymous_2)","decl":{"start":{"line":17,"column":4},"end":{"line":17,"column":18}},"loc":{"start":{"line":17,"column":44},"end":{"line":19,"column":5}}},"2":{"name":"Match","decl":{"start":{"line":22,"column":16},"end":{"line":22,"column":21}},"loc":{"start":{"line":22,"column":77},"end":{"line":32,"column":1}}},"3":{"name":"(anonymous_4)","decl":{"start":{"line":23,"column":11},"end":{"line":23,"column":21}},"loc":{"start":{"line":23,"column":57},"end":{"line":31,"column":5}}}},"branchMap":{},"s":{"0":1,"1":1,"2":1,"3":0,"4":0,"5":0,"6":0,"7":1,"8":1,"9":1,"10":1},"f":{"0":0,"1":0,"2":1,"3":1},"b":{}}
,"/Users/vitorssouza/Workstation/Tevos Solutions/CelitoTech/backend/src/decorators/roles.decorator.ts": {"path":"/Users/vitorssouza/Workstation/Tevos Solutions/CelitoTech/backend/src/decorators/roles.decorator.ts","statementMap":{"0":{"start":{"line":2,"column":0},"end":{"line":2,"column":41}},"1":{"start":{"line":5,"column":13},"end":{"line":5,"column":61}}},"fnMap":{},"branchMap":{},"s":{"0":1,"1":1},"f":{},"b":{}}
,"/Users/vitorssouza/Workstation/Tevos Solutions/CelitoTech/backend/src/guards/roles.guard.ts": {"path":"/Users/vitorssouza/Workstation/Tevos Solutions/CelitoTech/backend/src/guards/roles.guard.ts","statementMap":{"0":{"start":{"line":2,"column":0},"end":{"line":2,"column":75}},"1":{"start":{"line":3,"column":0},"end":{"line":3,"column":41}},"2":{"start":{"line":4,"column":0},"end":{"line":4,"column":54}},"3":{"start":{"line":8,"column":7},"end":{"line":27,"column":null}},"4":{"start":{"line":9,"column":22},"end":{"line":9,"column":33}},"5":{"start":{"line":12,"column":4},"end":{"line":12,"column":50}},"6":{"start":{"line":12,"column":38},"end":{"line":12,"column":50}},"7":{"start":{"line":13,"column":4},"end":{"line":13,"column":17}},"8":{"start":{"line":18,"column":18},"end":{"line":18,"column":65}},"9":{"start":{"line":20,"column":4},"end":{"line":20,"column":28}},"10":{"start":{"line":20,"column":16},"end":{"line":20,"column":28}},"11":{"start":{"line":22,"column":20},"end":{"line":22,"column":55}},"12":{"start":{"line":23,"column":17},"end":{"line":23,"column":29}},"13":{"start":{"line":25,"column":4},"end":{"line":25,"column":45}},"14":{"start":{"line":8,"column":13},"end":{"line":8,"column":23}},"15":{"start":{"line":8,"column":13},"end":{"line":27,"column":null}}},"fnMap":{"0":{"name":"(anonymous_2)","decl":{"start":{"line":9,"column":2},"end":{"line":9,"column":22}},"loc":{"start":{"line":9,"column":42},"end":{"line":9,"column":46}}},"1":{"name":"(anonymous_3)","decl":{"start":{"line":11,"column":2},"end":{"line":11,"column":12}},"loc":{"start":{"line":11,"column":48},"end":{"line":14,"column":3}}},"2":{"name":"(anonymous_4)","decl":{"start":{"line":17,"column":2},"end":{"line":17,"column":13}},"loc":{"start":{"line":17,"column":39},"end":{"line":26,"column":3}}}},"branchMap":{"0":{"loc":{"start":{"line":12,"column":4},"end":{"line":12,"column":50}},"type":"if","locations":[{"start":{"line":12,"column":4},"end":{"line":12,"column":50}}]},"1":{"loc":{"start":{"line":20,"column":4},"end":{"line":20,"column":28}},"type":"if","locations":[{"start":{"line":20,"column":4},"end":{"line":20,"column":28}}]}},"s":{"0":1,"1":1,"2":1,"3":1,"4":7,"5":0,"6":0,"7":0,"8":0,"9":0,"10":0,"11":0,"12":0,"13":0,"14":1,"15":1},"f":{"0":7,"1":0,"2":0},"b":{"0":[0],"1":[0]}}
,"/Users/vitorssouza/Workstation/Tevos Solutions/CelitoTech/backend/src/infrastructure/database/migrations/1731249113642-CreateAccountsTable.ts": {"path":"/Users/vitorssouza/Workstation/Tevos Solutions/CelitoTech/backend/src/infrastructure/database/migrations/1731249113642-CreateAccountsTable.ts","statementMap":{"0":{"start":{"line":1,"column":0},"end":{"line":1,"column":65}},"1":{"start":{"line":5,"column":8},"end":{"line":18,"column":10}},"2":{"start":{"line":22,"column":8},"end":{"line":22,"column":48}},"3":{"start":{"line":3,"column":0},"end":{"line":3,"column":13}}},"fnMap":{"0":{"name":"(anonymous_0)","decl":{"start":{"line":4,"column":11},"end":{"line":4,"column":16}},"loc":{"start":{"line":4,"column":44},"end":{"line":19,"column":5}}},"1":{"name":"(anonymous_1)","decl":{"start":{"line":21,"column":11},"end":{"line":21,"column":16}},"loc":{"start":{"line":21,"column":46},"end":{"line":23,"column":5}}}},"branchMap":{},"s":{"0":0,"1":0,"2":0,"3":0},"f":{"0":0,"1":0},"b":{}}
,"/Users/vitorssouza/Workstation/Tevos Solutions/CelitoTech/backend/src/infrastructure/database/migrations/1731249503298-CreateUsersTable.ts": {"path":"/Users/vitorssouza/Workstation/Tevos Solutions/CelitoTech/backend/src/infrastructure/database/migrations/1731249503298-CreateUsersTable.ts","statementMap":{"0":{"start":{"line":1,"column":0},"end":{"line":1,"column":82}},"1":{"start":{"line":6,"column":8},"end":{"line":52,"column":10}},"2":{"start":{"line":54,"column":8},"end":{"line":62,"column":10}},"3":{"start":{"line":64,"column":8},"end":{"line":72,"column":10}},"4":{"start":{"line":77,"column":22},"end":{"line":77,"column":57}},"5":{"start":{"line":79,"column":31},"end":{"line":79,"column":102}},"6":{"start":{"line":79,"column":62},"end":{"line":79,"column":101}},"7":{"start":{"line":80,"column":8},"end":{"line":82,"column":9}},"8":{"start":{"line":81,"column":12},"end":{"line":81,"column":70}},"9":{"start":{"line":84,"column":34},"end":{"line":84,"column":108}},"10":{"start":{"line":84,"column":65},"end":{"line":84,"column":107}},"11":{"start":{"line":85,"column":8},"end":{"line":87,"column":9}},"12":{"start":{"line":86,"column":12},"end":{"line":86,"column":73}},"13":{"start":{"line":89,"column":8},"end":{"line":89,"column":45}},"14":{"start":{"line":3,"column":0},"end":{"line":3,"column":13}}},"fnMap":{"0":{"name":"(anonymous_0)","decl":{"start":{"line":5,"column":11},"end":{"line":5,"column":16}},"loc":{"start":{"line":5,"column":44},"end":{"line":73,"column":5}}},"1":{"name":"(anonymous_1)","decl":{"start":{"line":76,"column":11},"end":{"line":76,"column":16}},"loc":{"start":{"line":76,"column":46},"end":{"line":90,"column":5}}},"2":{"name":"(anonymous_2)","decl":{"start":{"line":79,"column":54},"end":{"line":79,"column":55}},"loc":{"start":{"line":79,"column":62},"end":{"line":79,"column":101}}},"3":{"name":"(anonymous_3)","decl":{"start":{"line":84,"column":57},"end":{"line":84,"column":58}},"loc":{"start":{"line":84,"column":65},"end":{"line":84,"column":107}}}},"branchMap":{"0":{"loc":{"start":{"line":80,"column":8},"end":{"line":82,"column":9}},"type":"if","locations":[{"start":{"line":80,"column":8},"end":{"line":82,"column":9}}]},"1":{"loc":{"start":{"line":85,"column":8},"end":{"line":87,"column":9}},"type":"if","locations":[{"start":{"line":85,"column":8},"end":{"line":87,"column":9}}]}},"s":{"0":0,"1":0,"2":0,"3":0,"4":0,"5":0,"6":0,"7":0,"8":0,"9":0,"10":0,"11":0,"12":0,"13":0,"14":0},"f":{"0":0,"1":0,"2":0,"3":0},"b":{"0":[0],"1":[0]}}
,"/Users/vitorssouza/Workstation/Tevos Solutions/CelitoTech/backend/src/modules/accounts/accounts.module.ts": {"path":"/Users/vitorssouza/Workstation/Tevos Solutions/CelitoTech/backend/src/modules/accounts/accounts.module.ts","statementMap":{"0":{"start":{"line":1,"column":0},"end":{"line":1,"column":40}},"1":{"start":{"line":2,"column":0},"end":{"line":2,"column":48}},"2":{"start":{"line":4,"column":0},"end":{"line":4,"column":45}},"3":{"start":{"line":5,"column":0},"end":{"line":5,"column":66}},"4":{"start":{"line":6,"column":0},"end":{"line":6,"column":66}},"5":{"start":{"line":20,"column":7},"end":{"line":20,"column":null}},"6":{"start":{"line":20,"column":13},"end":{"line":20,"column":27}},"7":{"start":{"line":20,"column":13},"end":{"line":20,"column":null}}},"fnMap":{},"branchMap":{},"s":{"0":0,"1":0,"2":0,"3":0,"4":0,"5":0,"6":0,"7":0},"f":{},"b":{}}
,"/Users/vitorssouza/Workstation/Tevos Solutions/CelitoTech/backend/src/modules/accounts/accounts.repository.ts": {"path":"/Users/vitorssouza/Workstation/Tevos Solutions/CelitoTech/backend/src/modules/accounts/accounts.repository.ts","statementMap":{"0":{"start":{"line":1,"column":0},"end":{"line":1,"column":37}},"1":{"start":{"line":2,"column":0},"end":{"line":2,"column":44}},"2":{"start":{"line":3,"column":0},"end":{"line":3,"column":51}},"3":{"start":{"line":5,"column":0},"end":{"line":5,"column":45}},"4":{"start":{"line":9,"column":7},"end":{"line":27,"column":null}},"5":{"start":{"line":10,"column":49},"end":{"line":10,"column":62}},"6":{"start":{"line":13,"column":4},"end":{"line":13,"column":41}},"7":{"start":{"line":17,"column":4},"end":{"line":17,"column":55}},"8":{"start":{"line":21,"column":4},"end":{"line":21,"column":35}},"9":{"start":{"line":25,"column":4},"end":{"line":25,"column":55}},"10":{"start":{"line":9,"column":13},"end":{"line":9,"column":38}},"11":{"start":{"line":9,"column":13},"end":{"line":27,"column":null}}},"fnMap":{"0":{"name":"(anonymous_4)","decl":{"start":{"line":10,"column":2},"end":{"line":10,"column":15}},"loc":{"start":{"line":10,"column":81},"end":{"line":10,"column":85}}},"1":{"name":"(anonymous_5)","decl":{"start":{"line":12,"column":2},"end":{"line":12,"column":7}},"loc":{"start":{"line":12,"column":31},"end":{"line":14,"column":3}}},"2":{"name":"(anonymous_6)","decl":{"start":{"line":16,"column":2},"end":{"line":16,"column":7}},"loc":{"start":{"line":16,"column":31},"end":{"line":18,"column":3}}},"3":{"name":"(anonymous_7)","decl":{"start":{"line":20,"column":2},"end":{"line":20,"column":9}},"loc":{"start":{"line":20,"column":9},"end":{"line":22,"column":3}}},"4":{"name":"(anonymous_8)","decl":{"start":{"line":24,"column":2},"end":{"line":24,"column":10}},"loc":{"start":{"line":24,"column":21},"end":{"line":26,"column":3}}}},"branchMap":{},"s":{"0":0,"1":0,"2":0,"3":0,"4":0,"5":0,"6":0,"7":0,"8":0,"9":0,"10":0,"11":0},"f":{"0":0,"1":0,"2":0,"3":0,"4":0},"b":{}}
,"/Users/vitorssouza/Workstation/Tevos Solutions/CelitoTech/backend/src/modules/accounts/dto/create-account.ts": {"path":"/Users/vitorssouza/Workstation/Tevos Solutions/CelitoTech/backend/src/modules/accounts/dto/create-account.ts","statementMap":{"0":{"start":{"line":1,"column":0},"end":{"line":1,"column":13}}},"fnMap":{},"branchMap":{},"s":{"0":0},"f":{},"b":{}}
,"/Users/vitorssouza/Workstation/Tevos Solutions/CelitoTech/backend/src/modules/accounts/entities/account.ts": {"path":"/Users/vitorssouza/Workstation/Tevos Solutions/CelitoTech/backend/src/modules/accounts/entities/account.ts","statementMap":{"0":{"start":{"line":1,"column":0},"end":{"line":1,"column":33}},"1":{"start":{"line":2,"column":0},"end":{"line":2,"column":68}},"2":{"start":{"line":3,"column":0},"end":{"line":3,"column":49}},"3":{"start":{"line":6,"column":7},"end":{"line":16,"column":null}},"4":{"start":{"line":14,"column":8},"end":{"line":14,"column":44}},"5":{"start":{"line":6,"column":13},"end":{"line":6,"column":20}},"6":{"start":{"line":8,"column":4},"end":{"line":8,"column":null}},"7":{"start":{"line":11,"column":4},"end":{"line":11,"column":null}},"8":{"start":{"line":10,"column":21},"end":{"line":10,"column":25}},"9":{"start":{"line":10,"column":37},"end":{"line":10,"column":49}},"10":{"start":{"line":6,"column":13},"end":{"line":16,"column":null}}},"fnMap":{"0":{"name":"(anonymous_8)","decl":{"start":{"line":13,"column":4},"end":{"line":13,"column":16}},"loc":{"start":{"line":13,"column":27},"end":{"line":15,"column":5}}},"1":{"name":"(anonymous_9)","decl":{"start":{"line":10,"column":15},"end":{"line":10,"column":18}},"loc":{"start":{"line":10,"column":21},"end":{"line":10,"column":25}}},"2":{"name":"(anonymous_10)","decl":{"start":{"line":10,"column":27},"end":{"line":10,"column":28}},"loc":{"start":{"line":10,"column":37},"end":{"line":10,"column":49}}}},"branchMap":{"0":{"loc":{"start":{"line":14,"column":18},"end":{"line":14,"column":43}},"type":"binary-expr","locations":[{"start":{"line":14,"column":18},"end":{"line":14,"column":20}},{"start":{"line":14,"column":24},"end":{"line":14,"column":43}}]}},"s":{"0":7,"1":7,"2":7,"3":7,"4":29,"5":7,"6":7,"7":7,"8":0,"9":0,"10":7},"f":{"0":29,"1":0,"2":0},"b":{"0":[29,9]}}
,"/Users/vitorssouza/Workstation/Tevos Solutions/CelitoTech/backend/src/modules/accounts/use-cases/create-account.ts": {"path":"/Users/vitorssouza/Workstation/Tevos Solutions/CelitoTech/backend/src/modules/accounts/use-cases/create-account.ts","statementMap":{"0":{"start":{"line":1,"column":0},"end":{"line":1,"column":40}},"1":{"start":{"line":3,"column":0},"end":{"line":3,"column":46}},"2":{"start":{"line":6,"column":0},"end":{"line":14,"column":null}},"3":{"start":{"line":7,"column":61},"end":{"line":7,"column":93}},"4":{"start":{"line":10,"column":20},"end":{"line":10,"column":35}},"5":{"start":{"line":11,"column":4},"end":{"line":11,"column":43}},"6":{"start":{"line":12,"column":4},"end":{"line":12,"column":19}},"7":{"start":{"line":6,"column":13},"end":{"line":6,"column":33}},"8":{"start":{"line":6,"column":13},"end":{"line":14,"column":null}}},"fnMap":{"0":{"name":"(anonymous_4)","decl":{"start":{"line":7,"column":2},"end":{"line":7,"column":15}},"loc":{"start":{"line":7,"column":93},"end":{"line":7,"column":98}}},"1":{"name":"(anonymous_5)","decl":{"start":{"line":9,"column":2},"end":{"line":9,"column":7}},"loc":{"start":{"line":9,"column":27},"end":{"line":13,"column":3}}}},"branchMap":{},"s":{"0":2,"1":2,"2":2,"3":3,"4":2,"5":2,"6":1,"7":2,"8":2},"f":{"0":3,"1":2},"b":{}}
,"/Users/vitorssouza/Workstation/Tevos Solutions/CelitoTech/backend/src/modules/auth/auth.controller.ts": {"path":"/Users/vitorssouza/Workstation/Tevos Solutions/CelitoTech/backend/src/modules/auth/auth.controller.ts","statementMap":{"0":{"start":{"line":1,"column":0},"end":{"line":1,"column":89}},"1":{"start":{"line":2,"column":0},"end":{"line":2,"column":62}},"2":{"start":{"line":3,"column":0},"end":{"line":3,"column":72}},"3":{"start":{"line":4,"column":0},"end":{"line":4,"column":44}},"4":{"start":{"line":5,"column":0},"end":{"line":5,"column":51}},"5":{"start":{"line":6,"column":0},"end":{"line":6,"column":57}},"6":{"start":{"line":9,"column":7},"end":{"line":31,"column":null}},"7":{"start":{"line":18,"column":8},"end":{"line":18,"column":78}},"8":{"start":{"line":23,"column":8},"end":{"line":23,"column":60}},"9":{"start":{"line":29,"column":8},"end":{"line":29,"column":24}},"10":{"start":{"line":9,"column":13},"end":{"line":9,"column":27}},"11":{"start":{"line":11,"column":21},"end":{"line":11,"column":null}},"12":{"start":{"line":14,"column":21},"end":{"line":14,"column":null}},"13":{"start":{"line":17,"column":10},"end":{"line":19,"column":null}},"14":{"start":{"line":22,"column":10},"end":{"line":24,"column":null}},"15":{"start":{"line":28,"column":4},"end":{"line":30,"column":null}},"16":{"start":{"line":9,"column":13},"end":{"line":31,"column":null}}},"fnMap":{"0":{"name":"(anonymous_4)","decl":{"start":{"line":17,"column":4},"end":{"line":17,"column":9}},"loc":{"start":{"line":17,"column":72},"end":{"line":19,"column":5}}},"1":{"name":"(anonymous_5)","decl":{"start":{"line":22,"column":4},"end":{"line":22,"column":9}},"loc":{"start":{"line":22,"column":50},"end":{"line":24,"column":5}}},"2":{"name":"(anonymous_6)","decl":{"start":{"line":28,"column":4},"end":{"line":28,"column":9}},"loc":{"start":{"line":28,"column":24},"end":{"line":30,"column":5}}}},"branchMap":{},"s":{"0":1,"1":1,"2":1,"3":1,"4":1,"5":1,"6":1,"7":2,"8":3,"9":0,"10":1,"11":1,"12":1,"13":1,"14":1,"15":1,"16":1},"f":{"0":2,"1":3,"2":0},"b":{}}
,"/Users/vitorssouza/Workstation/Tevos Solutions/CelitoTech/backend/src/modules/auth/auth.guard.ts": {"path":"/Users/vitorssouza/Workstation/Tevos Solutions/CelitoTech/backend/src/modules/auth/auth.guard.ts","statementMap":{"0":{"start":{"line":2,"column":0},"end":{"line":2,"column":44}},"1":{"start":{"line":3,"column":0},"end":{"line":3,"column":45}},"2":{"start":{"line":6,"column":7},"end":{"line":6,"column":null}},"3":{"start":{"line":6,"column":13},"end":{"line":6,"column":25}},"4":{"start":{"line":6,"column":13},"end":{"line":6,"column":null}}},"fnMap":{},"branchMap":{},"s":{"0":2,"1":2,"2":2,"3":2,"4":2},"f":{},"b":{}}
,"/Users/vitorssouza/Workstation/Tevos Solutions/CelitoTech/backend/src/modules/auth/auth.module.ts": {"path":"/Users/vitorssouza/Workstation/Tevos Solutions/CelitoTech/backend/src/modules/auth/auth.module.ts","statementMap":{"0":{"start":{"line":1,"column":0},"end":{"line":1,"column":40}},"1":{"start":{"line":2,"column":0},"end":{"line":2,"column":50}},"2":{"start":{"line":3,"column":0},"end":{"line":3,"column":52}},"3":{"start":{"line":5,"column":0},"end":{"line":5,"column":51}},"4":{"start":{"line":6,"column":0},"end":{"line":6,"column":51}},"5":{"start":{"line":7,"column":0},"end":{"line":7,"column":72}},"6":{"start":{"line":9,"column":0},"end":{"line":9,"column":60}},"7":{"start":{"line":10,"column":0},"end":{"line":10,"column":56}},"8":{"start":{"line":12,"column":0},"end":{"line":12,"column":52}},"9":{"start":{"line":13,"column":0},"end":{"line":13,"column":61}},"10":{"start":{"line":36,"column":7},"end":{"line":36,"column":null}},"11":{"start":{"line":36,"column":13},"end":{"line":36,"column":23}},"12":{"start":{"line":36,"column":13},"end":{"line":36,"column":null}}},"fnMap":{},"branchMap":{},"s":{"0":0,"1":0,"2":0,"3":0,"4":0,"5":0,"6":0,"7":0,"8":0,"9":0,"10":0,"11":0,"12":0},"f":{},"b":{}}
,"/Users/vitorssouza/Workstation/Tevos Solutions/CelitoTech/backend/src/modules/auth/dto/authenticate-user.ts": {"path":"/Users/vitorssouza/Workstation/Tevos Solutions/CelitoTech/backend/src/modules/auth/dto/authenticate-user.ts","statementMap":{"0":{"start":{"line":1,"column":0},"end":{"line":1,"column":13}}},"fnMap":{},"branchMap":{},"s":{"0":1},"f":{},"b":{}}
,"/Users/vitorssouza/Workstation/Tevos Solutions/CelitoTech/backend/src/modules/auth/strategies/jwt.strategy.ts": {"path":"/Users/vitorssouza/Workstation/Tevos Solutions/CelitoTech/backend/src/modules/auth/strategies/jwt.strategy.ts","statementMap":{"0":{"start":{"line":1,"column":0},"end":{"line":1,"column":44}},"1":{"start":{"line":2,"column":0},"end":{"line":2,"column":52}},"2":{"start":{"line":3,"column":0},"end":{"line":3,"column":52}},"3":{"start":{"line":5,"column":0},"end":{"line":5,"column":63}},"4":{"start":{"line":8,"column":7},"end":{"line":20,"column":null}},"5":{"start":{"line":10,"column":8},"end":{"line":14,"column":11}},"6":{"start":{"line":18,"column":8},"end":{"line":18,"column":105}},"7":{"start":{"line":8,"column":13},"end":{"line":8,"column":24}},"8":{"start":{"line":8,"column":13},"end":{"line":20,"column":null}}},"fnMap":{"0":{"name":"(anonymous_2)","decl":{"start":{"line":9,"column":4},"end":{"line":9,"column":null}},"loc":{"start":{"line":9,"column":4},"end":{"line":15,"column":5}}},"1":{"name":"(anonymous_3)","decl":{"start":{"line":17,"column":4},"end":{"line":17,"column":9}},"loc":{"start":{"line":17,"column":31},"end":{"line":19,"column":5}}}},"branchMap":{},"s":{"0":0,"1":0,"2":0,"3":0,"4":0,"5":0,"6":0,"7":0,"8":0},"f":{"0":0,"1":0},"b":{}}
,"/Users/vitorssouza/Workstation/Tevos Solutions/CelitoTech/backend/src/modules/auth/use-cases/authenticate-user.ts": {"path":"/Users/vitorssouza/Workstation/Tevos Solutions/CelitoTech/backend/src/modules/auth/use-cases/authenticate-user.ts","statementMap":{"0":{"start":{"line":1,"column":0},"end":{"line":1,"column":63}},"1":{"start":{"line":16,"column":8},"end":{"line":32,"column":9}},"2":{"start":{"line":17,"column":25},"end":{"line":17,"column":68}},"3":{"start":{"line":19,"column":33},"end":{"line":19,"column":38}},"4":{"start":{"line":20,"column":12},"end":{"line":20,"column":93}},"5":{"start":{"line":20,"column":30},"end":{"line":20,"column":93}},"6":{"start":{"line":22,"column":38},"end":{"line":22,"column":83}},"7":{"start":{"line":23,"column":12},"end":{"line":23,"column":98}},"8":{"start":{"line":23,"column":35},"end":{"line":23,"column":98}},"9":{"start":{"line":25,"column":28},"end":{"line":25,"column":105}},"10":{"start":{"line":27,"column":12},"end":{"line":29,"column":14}},"11":{"start":{"line":31,"column":12},"end":{"line":31,"column":22}},"12":{"start":{"line":8,"column":0},"end":{"line":8,"column":13}},"13":{"start":{"line":10,"column":21},"end":{"line":10,"column":null}},"14":{"start":{"line":13,"column":21},"end":{"line":13,"column":null}}},"fnMap":{"0":{"name":"(anonymous_2)","decl":{"start":{"line":15,"column":4},"end":{"line":15,"column":9}},"loc":{"start":{"line":15,"column":43},"end":{"line":33,"column":5}}}},"branchMap":{"0":{"loc":{"start":{"line":20,"column":12},"end":{"line":20,"column":93}},"type":"if","locations":[{"start":{"line":20,"column":12},"end":{"line":20,"column":93}}]},"1":{"loc":{"start":{"line":23,"column":12},"end":{"line":23,"column":98}},"type":"if","locations":[{"start":{"line":23,"column":12},"end":{"line":23,"column":98}}]}},"s":{"0":2,"1":3,"2":3,"3":3,"4":3,"5":1,"6":2,"7":2,"8":1,"9":1,"10":1,"11":2,"12":2,"13":2,"14":2},"f":{"0":3},"b":{"0":[1],"1":[1]}}
,"/Users/vitorssouza/Workstation/Tevos Solutions/CelitoTech/backend/src/modules/auth/use-cases/signup.ts": {"path":"/Users/vitorssouza/Workstation/Tevos Solutions/CelitoTech/backend/src/modules/auth/use-cases/signup.ts","statementMap":{"0":{"start":{"line":1,"column":0},"end":{"line":1,"column":40}},"1":{"start":{"line":4,"column":0},"end":{"line":4,"column":70}},"2":{"start":{"line":5,"column":0},"end":{"line":5,"column":79}},"3":{"start":{"line":6,"column":0},"end":{"line":6,"column":58}},"4":{"start":{"line":16,"column":24},"end":{"line":16,"column":65}},"5":{"start":{"line":17,"column":21},"end":{"line":17,"column":104}},"6":{"start":{"line":18,"column":8},"end":{"line":18,"column":20}},"7":{"start":{"line":8,"column":0},"end":{"line":8,"column":13}},"8":{"start":{"line":10,"column":21},"end":{"line":10,"column":null}},"9":{"start":{"line":13,"column":21},"end":{"line":13,"column":null}}},"fnMap":{"0":{"name":"(anonymous_2)","decl":{"start":{"line":15,"column":4},"end":{"line":15,"column":9}},"loc":{"start":{"line":15,"column":37},"end":{"line":19,"column":5}}}},"branchMap":{},"s":{"0":1,"1":1,"2":1,"3":1,"4":0,"5":0,"6":0,"7":1,"8":1,"9":1},"f":{"0":0},"b":{}}
,"/Users/vitorssouza/Workstation/Tevos Solutions/CelitoTech/backend/src/modules/users/users.controller.ts": {"path":"/Users/vitorssouza/Workstation/Tevos Solutions/CelitoTech/backend/src/modules/users/users.controller.ts","statementMap":{"0":{"start":{"line":1,"column":0},"end":{"line":1,"column":111}},"1":{"start":{"line":3,"column":0},"end":{"line":3,"column":49}},"2":{"start":{"line":4,"column":0},"end":{"line":4,"column":50}},"3":{"start":{"line":5,"column":0},"end":{"line":5,"column":50}},"4":{"start":{"line":7,"column":0},"end":{"line":7,"column":59}},"5":{"start":{"line":8,"column":0},"end":{"line":8,"column":61}},"6":{"start":{"line":10,"column":0},"end":{"line":10,"column":60}},"7":{"start":{"line":11,"column":0},"end":{"line":11,"column":60}},"8":{"start":{"line":12,"column":0},"end":{"line":12,"column":60}},"9":{"start":{"line":13,"column":0},"end":{"line":13,"column":68}},"10":{"start":{"line":14,"column":0},"end":{"line":14,"column":58}},"11":{"start":{"line":15,"column":0},"end":{"line":15,"column":50}},"12":{"start":{"line":16,"column":0},"end":{"line":16,"column":57}},"13":{"start":{"line":17,"column":0},"end":{"line":17,"column":54}},"14":{"start":{"line":18,"column":0},"end":{"line":18,"column":55}},"15":{"start":{"line":23,"column":7},"end":{"line":85,"column":null}},"16":{"start":{"line":48,"column":8},"end":{"line":48,"column":84}},"17":{"start":{"line":55,"column":8},"end":{"line":55,"column":88}},"18":{"start":{"line":62,"column":8},"end":{"line":62,"column":107}},"19":{"start":{"line":69,"column":8},"end":{"line":69,"column":112}},"20":{"start":{"line":76,"column":8},"end":{"line":76,"column":95}},"21":{"start":{"line":83,"column":8},"end":{"line":83,"column":80}},"22":{"start":{"line":23,"column":13},"end":{"line":23,"column":28}},"23":{"start":{"line":26,"column":21},"end":{"line":26,"column":null}},"24":{"start":{"line":29,"column":21},"end":{"line":29,"column":null}},"25":{"start":{"line":32,"column":21},"end":{"line":32,"column":null}},"26":{"start":{"line":35,"column":21},"end":{"line":35,"column":null}},"27":{"start":{"line":38,"column":21},"end":{"line":38,"column":null}},"28":{"start":{"line":41,"column":21},"end":{"line":41,"column":null}},"29":{"start":{"line":47,"column":10},"end":{"line":49,"column":null}},"30":{"start":{"line":54,"column":10},"end":{"line":56,"column":null}},"31":{"start":{"line":61,"column":4},"end":{"line":63,"column":null}},"32":{"start":{"line":68,"column":4},"end":{"line":70,"column":null}},"33":{"start":{"line":75,"column":4},"end":{"line":77,"column":null}},"34":{"start":{"line":82,"column":4},"end":{"line":84,"column":null}},"35":{"start":{"line":23,"column":13},"end":{"line":85,"column":null}}},"fnMap":{"0":{"name":"(anonymous_4)","decl":{"start":{"line":47,"column":4},"end":{"line":47,"column":9}},"loc":{"start":{"line":47,"column":46},"end":{"line":49,"column":5}}},"1":{"name":"(anonymous_5)","decl":{"start":{"line":54,"column":4},"end":{"line":54,"column":9}},"loc":{"start":{"line":54,"column":71},"end":{"line":56,"column":5}}},"2":{"name":"(anonymous_6)","decl":{"start":{"line":61,"column":4},"end":{"line":61,"column":10}},"loc":{"start":{"line":61,"column":77},"end":{"line":63,"column":5}}},"3":{"name":"(anonymous_7)","decl":{"start":{"line":68,"column":4},"end":{"line":68,"column":18}},"loc":{"start":{"line":68,"column":84},"end":{"line":70,"column":5}}},"4":{"name":"(anonymous_8)","decl":{"start":{"line":75,"column":4},"end":{"line":75,"column":10}},"loc":{"start":{"line":75,"column":102},"end":{"line":77,"column":5}}},"5":{"name":"(anonymous_9)","decl":{"start":{"line":82,"column":4},"end":{"line":82,"column":10}},"loc":{"start":{"line":82,"column":64},"end":{"line":84,"column":5}}}},"branchMap":{},"s":{"0":1,"1":1,"2":1,"3":1,"4":1,"5":1,"6":1,"7":1,"8":1,"9":1,"10":1,"11":1,"12":1,"13":1,"14":1,"15":1,"16":1,"17":1,"18":1,"19":1,"20":1,"21":1,"22":1,"23":1,"24":1,"25":1,"26":1,"27":1,"28":1,"29":1,"30":1,"31":1,"32":1,"33":1,"34":1,"35":1},"f":{"0":1,"1":1,"2":1,"3":1,"4":1,"5":1},"b":{}}
,"/Users/vitorssouza/Workstation/Tevos Solutions/CelitoTech/backend/src/modules/users/users.module.ts": {"path":"/Users/vitorssouza/Workstation/Tevos Solutions/CelitoTech/backend/src/modules/users/users.module.ts","statementMap":{"0":{"start":{"line":1,"column":0},"end":{"line":1,"column":40}},"1":{"start":{"line":2,"column":0},"end":{"line":2,"column":48}},"2":{"start":{"line":4,"column":0},"end":{"line":4,"column":39}},"3":{"start":{"line":5,"column":0},"end":{"line":5,"column":53}},"4":{"start":{"line":6,"column":0},"end":{"line":6,"column":59}},"5":{"start":{"line":8,"column":0},"end":{"line":8,"column":59}},"6":{"start":{"line":9,"column":0},"end":{"line":9,"column":61}},"7":{"start":{"line":11,"column":0},"end":{"line":11,"column":60}},"8":{"start":{"line":12,"column":0},"end":{"line":12,"column":60}},"9":{"start":{"line":13,"column":0},"end":{"line":13,"column":60}},"10":{"start":{"line":14,"column":0},"end":{"line":14,"column":68}},"11":{"start":{"line":40,"column":7},"end":{"line":40,"column":null}},"12":{"start":{"line":40,"column":13},"end":{"line":40,"column":24}},"13":{"start":{"line":40,"column":13},"end":{"line":40,"column":null}}},"fnMap":{},"branchMap":{},"s":{"0":0,"1":0,"2":0,"3":0,"4":0,"5":0,"6":0,"7":0,"8":0,"9":0,"10":0,"11":0,"12":0,"13":0},"f":{},"b":{}}
,"/Users/vitorssouza/Workstation/Tevos Solutions/CelitoTech/backend/src/modules/users/users.repository.ts": {"path":"/Users/vitorssouza/Workstation/Tevos Solutions/CelitoTech/backend/src/modules/users/users.repository.ts","statementMap":{"0":{"start":{"line":1,"column":0},"end":{"line":1,"column":37}},"1":{"start":{"line":2,"column":0},"end":{"line":2,"column":39}},"2":{"start":{"line":4,"column":0},"end":{"line":4,"column":44}},"3":{"start":{"line":5,"column":0},"end":{"line":5,"column":51}},"4":{"start":{"line":8,"column":7},"end":{"line":34,"column":null}},"5":{"start":{"line":9,"column":46},"end":{"line":9,"column":59}},"6":{"start":{"line":12,"column":4},"end":{"line":12,"column":38}},"7":{"start":{"line":16,"column":4},"end":{"line":16,"column":44}},"8":{"start":{"line":20,"column":4},"end":{"line":20,"column":141}},"9":{"start":{"line":24,"column":4},"end":{"line":24,"column":83}},"10":{"start":{"line":28,"column":4},"end":{"line":28,"column":82}},"11":{"start":{"line":32,"column":4},"end":{"line":32,"column":42}},"12":{"start":{"line":8,"column":13},"end":{"line":8,"column":34}},"13":{"start":{"line":8,"column":13},"end":{"line":34,"column":null}}},"fnMap":{"0":{"name":"(anonymous_4)","decl":{"start":{"line":9,"column":2},"end":{"line":9,"column":15}},"loc":{"start":{"line":9,"column":75},"end":{"line":9,"column":79}}},"1":{"name":"(anonymous_5)","decl":{"start":{"line":11,"column":2},"end":{"line":11,"column":7}},"loc":{"start":{"line":11,"column":25},"end":{"line":13,"column":3}}},"2":{"name":"(anonymous_6)","decl":{"start":{"line":15,"column":2},"end":{"line":15,"column":7}},"loc":{"start":{"line":15,"column":37},"end":{"line":17,"column":3}}},"3":{"name":"(anonymous_7)","decl":{"start":{"line":19,"column":2},"end":{"line":19,"column":9}},"loc":{"start":{"line":19,"column":27},"end":{"line":21,"column":3}}},"4":{"name":"(anonymous_8)","decl":{"start":{"line":23,"column":2},"end":{"line":23,"column":10}},"loc":{"start":{"line":23,"column":40},"end":{"line":25,"column":3}}},"5":{"name":"(anonymous_9)","decl":{"start":{"line":27,"column":2},"end":{"line":27,"column":13}},"loc":{"start":{"line":27,"column":27},"end":{"line":29,"column":3}}},"6":{"name":"(anonymous_10)","decl":{"start":{"line":31,"column":2},"end":{"line":31,"column":7}},"loc":{"start":{"line":31,"column":25},"end":{"line":33,"column":3}}}},"branchMap":{},"s":{"0":0,"1":0,"2":0,"3":0,"4":0,"5":0,"6":0,"7":0,"8":0,"9":0,"10":0,"11":0,"12":0,"13":0},"f":{"0":0,"1":0,"2":0,"3":0,"4":0,"5":0,"6":0},"b":{}}
,"/Users/vitorssouza/Workstation/Tevos Solutions/CelitoTech/backend/src/modules/users/dto/create-user.ts": {"path":"/Users/vitorssouza/Workstation/Tevos Solutions/CelitoTech/backend/src/modules/users/dto/create-user.ts","statementMap":{"0":{"start":{"line":3,"column":0},"end":{"line":3,"column":63}},"1":{"start":{"line":5,"column":0},"end":{"line":5,"column":13}},"2":{"start":{"line":7,"column":4},"end":{"line":7,"column":null}},"3":{"start":{"line":11,"column":4},"end":{"line":11,"column":null}},"4":{"start":{"line":14,"column":4},"end":{"line":14,"column":null}}},"fnMap":{},"branchMap":{},"s":{"0":2,"1":2,"2":2,"3":2,"4":2},"f":{},"b":{}}
,"/Users/vitorssouza/Workstation/Tevos Solutions/CelitoTech/backend/src/modules/users/dto/update-password.ts": {"path":"/Users/vitorssouza/Workstation/Tevos Solutions/CelitoTech/backend/src/modules/users/dto/update-password.ts","statementMap":{"0":{"start":{"line":1,"column":0},"end":{"line":1,"column":84}},"1":{"start":{"line":2,"column":0},"end":{"line":2,"column":60}},"2":{"start":{"line":4,"column":0},"end":{"line":4,"column":13}},"3":{"start":{"line":11,"column":4},"end":{"line":11,"column":null}},"4":{"start":{"line":16,"column":4},"end":{"line":16,"column":null}}},"fnMap":{},"branchMap":{},"s":{"0":1,"1":1,"2":1,"3":1,"4":1},"f":{},"b":{}}
,"/Users/vitorssouza/Workstation/Tevos Solutions/CelitoTech/backend/src/modules/users/dto/update-user.ts": {"path":"/Users/vitorssouza/Workstation/Tevos Solutions/CelitoTech/backend/src/modules/users/dto/update-user.ts","statementMap":{"0":{"start":{"line":3,"column":0},"end":{"line":3,"column":13}}},"fnMap":{},"branchMap":{},"s":{"0":1},"f":{},"b":{}}
,"/Users/vitorssouza/Workstation/Tevos Solutions/CelitoTech/backend/src/modules/users/entities/user.ts": {"path":"/Users/vitorssouza/Workstation/Tevos Solutions/CelitoTech/backend/src/modules/users/entities/user.ts","statementMap":{"0":{"start":{"line":1,"column":0},"end":{"line":1,"column":28}},"1":{"start":{"line":2,"column":0},"end":{"line":2,"column":33}},"2":{"start":{"line":3,"column":0},"end":{"line":3,"column":90}},"3":{"start":{"line":5,"column":0},"end":{"line":5,"column":58}},"4":{"start":{"line":7,"column":0},"end":{"line":7,"column":null}},"5":{"start":{"line":8,"column":4},"end":{"line":8,"column":null}},"6":{"start":{"line":9,"column":4},"end":{"line":9,"column":null}},"7":{"start":{"line":13,"column":7},"end":{"line":54,"column":null}},"8":{"start":{"line":42,"column":8},"end":{"line":42,"column":35}},"9":{"start":{"line":43,"column":8},"end":{"line":43,"column":44}},"10":{"start":{"line":48,"column":8},"end":{"line":48,"column":65}},"11":{"start":{"line":52,"column":8},"end":{"line":52,"column":65}},"12":{"start":{"line":13,"column":13},"end":{"line":13,"column":17}},"13":{"start":{"line":15,"column":4},"end":{"line":15,"column":null}},"14":{"start":{"line":18,"column":4},"end":{"line":18,"column":null}},"15":{"start":{"line":21,"column":4},"end":{"line":21,"column":null}},"16":{"start":{"line":24,"column":4},"end":{"line":24,"column":null}},"17":{"start":{"line":27,"column":4},"end":{"line":27,"column":null}},"18":{"start":{"line":30,"column":4},"end":{"line":30,"column":null}},"19":{"start":{"line":29,"column":21},"end":{"line":29,"column":28}},"20":{"start":{"line":29,"column":43},"end":{"line":29,"column":56}},"21":{"start":{"line":47,"column":10},"end":{"line":49,"column":null}},"22":{"start":{"line":13,"column":13},"end":{"line":54,"column":null}}},"fnMap":{"0":{"name":"(anonymous_9)","decl":{"start":{"line":7,"column":0},"end":{"line":7,"column":12}},"loc":{"start":{"line":7,"column":20},"end":{"line":10,"column":1}}},"1":{"name":"(anonymous_10)","decl":{"start":{"line":32,"column":4},"end":{"line":32,"column":null}},"loc":{"start":{"line":40,"column":19},"end":{"line":44,"column":5}}},"2":{"name":"(anonymous_11)","decl":{"start":{"line":47,"column":4},"end":{"line":47,"column":9}},"loc":{"start":{"line":47,"column":22},"end":{"line":49,"column":5}}},"3":{"name":"(anonymous_12)","decl":{"start":{"line":51,"column":4},"end":{"line":51,"column":9}},"loc":{"start":{"line":51,"column":43},"end":{"line":53,"column":5}}},"4":{"name":"(anonymous_13)","decl":{"start":{"line":29,"column":15},"end":{"line":29,"column":18}},"loc":{"start":{"line":29,"column":21},"end":{"line":29,"column":28}}},"5":{"name":"(anonymous_14)","decl":{"start":{"line":29,"column":30},"end":{"line":29,"column":31}},"loc":{"start":{"line":29,"column":43},"end":{"line":29,"column":56}}}},"branchMap":{"0":{"loc":{"start":{"line":7,"column":12},"end":{"line":7,"column":null}},"type":"binary-expr","locations":[{"start":{"line":7,"column":12},"end":{"line":7,"column":20}},{"start":{"line":7,"column":20},"end":{"line":7,"column":null}}]},"1":{"loc":{"start":{"line":43,"column":18},"end":{"line":43,"column":43}},"type":"binary-expr","locations":[{"start":{"line":43,"column":18},"end":{"line":43,"column":20}},{"start":{"line":43,"column":24},"end":{"line":43,"column":43}}]}},"s":{"0":7,"1":7,"2":7,"3":7,"4":7,"5":7,"6":7,"7":7,"8":10,"9":10,"10":0,"11":0,"12":7,"13":7,"14":7,"15":7,"16":7,"17":7,"18":7,"19":0,"20":0,"21":7,"22":7},"f":{"0":7,"1":10,"2":0,"3":0,"4":0,"5":0},"b":{"0":[7,7],"1":[10,10]}}
,"/Users/vitorssouza/Workstation/Tevos Solutions/CelitoTech/backend/src/modules/users/use-cases/create-user.ts": {"path":"/Users/vitorssouza/Workstation/Tevos Solutions/CelitoTech/backend/src/modules/users/use-cases/create-user.ts","statementMap":{"0":{"start":{"line":1,"column":0},"end":{"line":1,"column":40}},"1":{"start":{"line":2,"column":0},"end":{"line":2,"column":40}},"2":{"start":{"line":6,"column":0},"end":{"line":22,"column":null}},"3":{"start":{"line":7,"column":58},"end":{"line":7,"column":83}},"4":{"start":{"line":11,"column":25},"end":{"line":11,"column":68}},"5":{"start":{"line":12,"column":4},"end":{"line":14,"column":5}},"6":{"start":{"line":13,"column":6},"end":{"line":13,"column":46}},"7":{"start":{"line":16,"column":17},"end":{"line":16,"column":31}},"8":{"start":{"line":18,"column":4},"end":{"line":18,"column":37}},"9":{"start":{"line":20,"column":4},"end":{"line":20,"column":16}},"10":{"start":{"line":6,"column":13},"end":{"line":6,"column":30}},"11":{"start":{"line":6,"column":13},"end":{"line":22,"column":null}}},"fnMap":{"0":{"name":"(anonymous_4)","decl":{"start":{"line":7,"column":2},"end":{"line":7,"column":15}},"loc":{"start":{"line":7,"column":83},"end":{"line":7,"column":87}}},"1":{"name":"(anonymous_5)","decl":{"start":{"line":9,"column":2},"end":{"line":9,"column":7}},"loc":{"start":{"line":9,"column":35},"end":{"line":21,"column":3}}}},"branchMap":{"0":{"loc":{"start":{"line":12,"column":4},"end":{"line":14,"column":5}},"type":"if","locations":[{"start":{"line":12,"column":4},"end":{"line":14,"column":5}}]}},"s":{"0":3,"1":3,"2":3,"3":4,"4":3,"5":3,"6":1,"7":2,"8":2,"9":1,"10":3,"11":3},"f":{"0":4,"1":3},"b":{"0":[1]}}
,"/Users/vitorssouza/Workstation/Tevos Solutions/CelitoTech/backend/src/modules/users/use-cases/delete-user.ts": {"path":"/Users/vitorssouza/Workstation/Tevos Solutions/CelitoTech/backend/src/modules/users/use-cases/delete-user.ts","statementMap":{"0":{"start":{"line":1,"column":0},"end":{"line":1,"column":59}},"1":{"start":{"line":6,"column":0},"end":{"line":18,"column":null}},"2":{"start":{"line":7,"column":58},"end":{"line":7,"column":83}},"3":{"start":{"line":10,"column":17},"end":{"line":10,"column":61}},"4":{"start":{"line":12,"column":25},"end":{"line":12,"column":30}},"5":{"start":{"line":13,"column":4},"end":{"line":13,"column":68}},"6":{"start":{"line":13,"column":22},"end":{"line":13,"column":68}},"7":{"start":{"line":15,"column":4},"end":{"line":15,"column":35}},"8":{"start":{"line":16,"column":4},"end":{"line":16,"column":16}},"9":{"start":{"line":6,"column":13},"end":{"line":6,"column":30}},"10":{"start":{"line":6,"column":13},"end":{"line":18,"column":null}}},"fnMap":{"0":{"name":"(anonymous_4)","decl":{"start":{"line":7,"column":2},"end":{"line":7,"column":15}},"loc":{"start":{"line":7,"column":83},"end":{"line":7,"column":88}}},"1":{"name":"(anonymous_5)","decl":{"start":{"line":9,"column":2},"end":{"line":9,"column":7}},"loc":{"start":{"line":9,"column":44},"end":{"line":17,"column":3}}}},"branchMap":{"0":{"loc":{"start":{"line":13,"column":4},"end":{"line":13,"column":68}},"type":"if","locations":[{"start":{"line":13,"column":4},"end":{"line":13,"column":68}}]}},"s":{"0":2,"1":2,"2":3,"3":2,"4":2,"5":2,"6":1,"7":1,"8":1,"9":2,"10":2},"f":{"0":3,"1":2},"b":{"0":[1]}}
,"/Users/vitorssouza/Workstation/Tevos Solutions/CelitoTech/backend/src/modules/users/use-cases/find-all.ts": {"path":"/Users/vitorssouza/Workstation/Tevos Solutions/CelitoTech/backend/src/modules/users/use-cases/find-all.ts","statementMap":{"0":{"start":{"line":1,"column":0},"end":{"line":1,"column":40}},"1":{"start":{"line":5,"column":0},"end":{"line":11,"column":null}},"2":{"start":{"line":6,"column":58},"end":{"line":6,"column":83}},"3":{"start":{"line":9,"column":4},"end":{"line":9,"column":45}},"4":{"start":{"line":5,"column":13},"end":{"line":5,"column":32}},"5":{"start":{"line":5,"column":13},"end":{"line":11,"column":null}}},"fnMap":{"0":{"name":"(anonymous_4)","decl":{"start":{"line":6,"column":2},"end":{"line":6,"column":15}},"loc":{"start":{"line":6,"column":83},"end":{"line":6,"column":88}}},"1":{"name":"(anonymous_5)","decl":{"start":{"line":8,"column":2},"end":{"line":8,"column":9}},"loc":{"start":{"line":8,"column":26},"end":{"line":10,"column":3}}}},"branchMap":{},"s":{"0":2,"1":2,"2":3,"3":2,"4":2,"5":2},"f":{"0":3,"1":2},"b":{}}
,"/Users/vitorssouza/Workstation/Tevos Solutions/CelitoTech/backend/src/modules/users/use-cases/find-by-id.ts": {"path":"/Users/vitorssouza/Workstation/Tevos Solutions/CelitoTech/backend/src/modules/users/use-cases/find-by-id.ts","statementMap":{"0":{"start":{"line":1,"column":0},"end":{"line":1,"column":59}},"1":{"start":{"line":6,"column":0},"end":{"line":18,"column":null}},"2":{"start":{"line":7,"column":60},"end":{"line":7,"column":85}},"3":{"start":{"line":10,"column":8},"end":{"line":16,"column":9}},"4":{"start":{"line":11,"column":25},"end":{"line":11,"column":69}},"5":{"start":{"line":12,"column":12},"end":{"line":12,"column":null}},"6":{"start":{"line":12,"column":23},"end":{"line":12,"column":null}},"7":{"start":{"line":13,"column":12},"end":{"line":13,"column":24}},"8":{"start":{"line":15,"column":12},"end":{"line":15,"column":22}},"9":{"start":{"line":6,"column":13},"end":{"line":6,"column":32}},"10":{"start":{"line":6,"column":13},"end":{"line":18,"column":null}}},"fnMap":{"0":{"name":"(anonymous_4)","decl":{"start":{"line":7,"column":4},"end":{"line":7,"column":17}},"loc":{"start":{"line":7,"column":85},"end":{"line":7,"column":90}}},"1":{"name":"(anonymous_5)","decl":{"start":{"line":9,"column":4},"end":{"line":9,"column":9}},"loc":{"start":{"line":9,"column":46},"end":{"line":17,"column":5}}}},"branchMap":{"0":{"loc":{"start":{"line":12,"column":12},"end":{"line":12,"column":null}},"type":"if","locations":[{"start":{"line":12,"column":12},"end":{"line":12,"column":null}}]}},"s":{"0":2,"1":2,"2":4,"3":3,"4":3,"5":2,"6":1,"7":1,"8":2,"9":2,"10":2},"f":{"0":4,"1":3},"b":{"0":[1]}}
,"/Users/vitorssouza/Workstation/Tevos Solutions/CelitoTech/backend/src/modules/users/use-cases/update-password.ts": {"path":"/Users/vitorssouza/Workstation/Tevos Solutions/CelitoTech/backend/src/modules/users/use-cases/update-password.ts","statementMap":{"0":{"start":{"line":1,"column":0},"end":{"line":1,"column":40}},"1":{"start":{"line":8,"column":0},"end":{"line":27,"column":null}},"2":{"start":{"line":11,"column":21},"end":{"line":11,"column":52}},"3":{"start":{"line":15,"column":17},"end":{"line":15,"column":67}},"4":{"start":{"line":17,"column":4},"end":{"line":17,"column":63}},"5":{"start":{"line":17,"column":15},"end":{"line":17,"column":63}},"6":{"start":{"line":19,"column":4},"end":{"line":19,"column":34}},"7":{"start":{"line":21,"column":4},"end":{"line":21,"column":30}},"8":{"start":{"line":23,"column":4},"end":{"line":23,"column":47}},"9":{"start":{"line":25,"column":4},"end":{"line":25,"column":16}},"10":{"start":{"line":8,"column":13},"end":{"line":8,"column":34}},"11":{"start":{"line":8,"column":13},"end":{"line":27,"column":null}}},"fnMap":{"0":{"name":"(anonymous_4)","decl":{"start":{"line":9,"column":2},"end":{"line":9,"column":null}},"loc":{"start":{"line":11,"column":52},"end":{"line":12,"column":6}}},"1":{"name":"(anonymous_5)","decl":{"start":{"line":14,"column":2},"end":{"line":14,"column":7}},"loc":{"start":{"line":14,"column":69},"end":{"line":26,"column":3}}}},"branchMap":{"0":{"loc":{"start":{"line":17,"column":4},"end":{"line":17,"column":63}},"type":"if","locations":[{"start":{"line":17,"column":4},"end":{"line":17,"column":63}}]}},"s":{"0":2,"1":2,"2":2,"3":2,"4":2,"5":1,"6":1,"7":1,"8":1,"9":1,"10":2,"11":2},"f":{"0":2,"1":2},"b":{"0":[1]}}
,"/Users/vitorssouza/Workstation/Tevos Solutions/CelitoTech/backend/src/modules/users/use-cases/update-user.ts": {"path":"/Users/vitorssouza/Workstation/Tevos Solutions/CelitoTech/backend/src/modules/users/use-cases/update-user.ts","statementMap":{"0":{"start":{"line":1,"column":0},"end":{"line":1,"column":40}},"1":{"start":{"line":7,"column":0},"end":{"line":31,"column":null}},"2":{"start":{"line":10,"column":21},"end":{"line":10,"column":52}},"3":{"start":{"line":15,"column":25},"end":{"line":15,"column":75}},"4":{"start":{"line":16,"column":4},"end":{"line":16,"column":71}},"5":{"start":{"line":16,"column":23},"end":{"line":16,"column":71}},"6":{"start":{"line":19,"column":4},"end":{"line":24,"column":5}},"7":{"start":{"line":20,"column":28},"end":{"line":20,"column":77}},"8":{"start":{"line":21,"column":6},"end":{"line":23,"column":7}},"9":{"start":{"line":22,"column":8},"end":{"line":22,"column":48}},"10":{"start":{"line":26,"column":24},"end":{"line":26,"column":52}},"11":{"start":{"line":27,"column":4},"end":{"line":27,"column":54}},"12":{"start":{"line":29,"column":4},"end":{"line":29,"column":23}},"13":{"start":{"line":7,"column":13},"end":{"line":7,"column":30}},"14":{"start":{"line":7,"column":13},"end":{"line":31,"column":null}}},"fnMap":{"0":{"name":"(anonymous_4)","decl":{"start":{"line":8,"column":2},"end":{"line":8,"column":null}},"loc":{"start":{"line":10,"column":52},"end":{"line":11,"column":6}}},"1":{"name":"(anonymous_5)","decl":{"start":{"line":13,"column":2},"end":{"line":13,"column":7}},"loc":{"start":{"line":13,"column":65},"end":{"line":30,"column":3}}}},"branchMap":{"0":{"loc":{"start":{"line":16,"column":4},"end":{"line":16,"column":71}},"type":"if","locations":[{"start":{"line":16,"column":4},"end":{"line":16,"column":71}}]},"1":{"loc":{"start":{"line":19,"column":4},"end":{"line":24,"column":5}},"type":"if","locations":[{"start":{"line":19,"column":4},"end":{"line":24,"column":5}}]},"2":{"loc":{"start":{"line":21,"column":6},"end":{"line":23,"column":7}},"type":"if","locations":[{"start":{"line":21,"column":6},"end":{"line":23,"column":7}}]},"3":{"loc":{"start":{"line":21,"column":10},"end":{"line":21,"column":50}},"type":"binary-expr","locations":[{"start":{"line":21,"column":10},"end":{"line":21,"column":23}},{"start":{"line":21,"column":27},"end":{"line":21,"column":50}}]}},"s":{"0":2,"1":2,"2":4,"3":3,"4":3,"5":1,"6":2,"7":2,"8":2,"9":1,"10":1,"11":1,"12":1,"13":2,"14":2},"f":{"0":4,"1":3},"b":{"0":[1],"1":[2],"2":[1],"3":[2,1]}}
}
