TN:
SF:src/app.module.ts
FNF:0
FNH:0
DA:1,0
DA:2,0
DA:4,0
DA:5,0
DA:6,0
DA:7,0
DA:20,0
LF:7
LH:0
BRF:0
BRH:0
end_of_record
TN:
SF:src/main.ts
FN:6,bootstrap
FNF:1
FNH:0
FNDA:0,bootstrap
DA:1,0
DA:2,0
DA:4,0
DA:7,0
DA:8,0
DA:9,0
DA:11,0
LF:7
LH:0
BRDA:9,0,0,0
BRDA:9,0,1,0
BRF:2
BRH:0
end_of_record
TN:
SF:src/configs/authentication.ts
FNF:0
FNH:0
DA:1,0
LF:1
LH:0
BRF:0
BRH:0
end_of_record
TN:
SF:src/configs/typeorm.ts
FNF:0
FNH:0
DA:1,0
DA:2,0
DA:4,0
DA:6,0
DA:8,0
DA:19,0
DA:21,0
LF:7
LH:0
BRDA:15,0,0,0
BRDA:15,0,1,0
BRF:2
BRH:0
end_of_record
TN:
SF:src/decorators/match.decorator.ts
FN:11,(anonymous_1)
FN:17,(anonymous_2)
FN:22,Match
FN:23,(anonymous_4)
FNF:4
FNH:2
FNDA:0,(anonymous_1)
FNDA:0,(anonymous_2)
FNDA:1,Match
FNDA:1,(anonymous_4)
DA:1,1
DA:10,1
DA:12,0
DA:13,0
DA:14,0
DA:18,0
DA:22,1
DA:23,1
DA:24,1
LF:9
LH:5
BRF:0
BRH:0
end_of_record
TN:
SF:src/decorators/roles.decorator.ts
FNF:0
FNH:0
DA:2,1
DA:5,1
LF:2
LH:2
BRF:0
BRH:0
end_of_record
TN:
SF:src/guards/roles.guard.ts
FN:9,(anonymous_2)
FN:11,(anonymous_3)
FN:17,(anonymous_4)
FNF:3
FNH:1
FNDA:7,(anonymous_2)
FNDA:0,(anonymous_3)
FNDA:0,(anonymous_4)
DA:2,1
DA:3,1
DA:4,1
DA:8,1
DA:9,7
DA:12,0
DA:13,0
DA:18,0
DA:20,0
DA:22,0
DA:23,0
DA:25,0
LF:12
LH:5
BRDA:12,0,0,0
BRDA:20,1,0,0
BRF:2
BRH:0
end_of_record
TN:
SF:src/infrastructure/database/migrations/1731249113642-CreateAccountsTable.ts
FN:4,(anonymous_0)
FN:21,(anonymous_1)
FNF:2
FNH:0
FNDA:0,(anonymous_0)
FNDA:0,(anonymous_1)
DA:1,0
DA:3,0
DA:5,0
DA:22,0
LF:4
LH:0
BRF:0
BRH:0
end_of_record
TN:
SF:src/infrastructure/database/migrations/1731249503298-CreateUsersTable.ts
FN:5,(anonymous_0)
FN:76,(anonymous_1)
FN:79,(anonymous_2)
FN:84,(anonymous_3)
FNF:4
FNH:0
FNDA:0,(anonymous_0)
FNDA:0,(anonymous_1)
FNDA:0,(anonymous_2)
FNDA:0,(anonymous_3)
DA:1,0
DA:3,0
DA:6,0
DA:54,0
DA:64,0
DA:77,0
DA:79,0
DA:80,0
DA:81,0
DA:84,0
DA:85,0
DA:86,0
DA:89,0
LF:13
LH:0
BRDA:80,0,0,0
BRDA:85,1,0,0
BRF:2
BRH:0
end_of_record
TN:
SF:src/modules/accounts/accounts.module.ts
FNF:0
FNH:0
DA:1,0
DA:2,0
DA:4,0
DA:5,0
DA:6,0
DA:20,0
LF:6
LH:0
BRF:0
BRH:0
end_of_record
TN:
SF:src/modules/accounts/accounts.repository.ts
FN:10,(anonymous_4)
FN:12,(anonymous_5)
FN:16,(anonymous_6)
FN:20,(anonymous_7)
FN:24,(anonymous_8)
FNF:5
FNH:0
FNDA:0,(anonymous_4)
FNDA:0,(anonymous_5)
FNDA:0,(anonymous_6)
FNDA:0,(anonymous_7)
FNDA:0,(anonymous_8)
DA:1,0
DA:2,0
DA:3,0
DA:5,0
DA:9,0
DA:10,0
DA:13,0
DA:17,0
DA:21,0
DA:25,0
LF:10
LH:0
BRF:0
BRH:0
end_of_record
TN:
SF:src/modules/accounts/dto/create-account.ts
FNF:0
FNH:0
DA:1,0
LF:1
LH:0
BRF:0
BRH:0
end_of_record
TN:
SF:src/modules/accounts/entities/account.ts
FN:13,(anonymous_8)
FN:10,(anonymous_9)
FN:10,(anonymous_10)
FNF:3
FNH:1
FNDA:29,(anonymous_8)
FNDA:0,(anonymous_9)
FNDA:0,(anonymous_10)
DA:1,7
DA:2,7
DA:3,7
DA:6,7
DA:8,7
DA:10,0
DA:11,7
DA:14,29
LF:8
LH:7
BRDA:14,0,0,29
BRDA:14,0,1,9
BRF:2
BRH:2
end_of_record
TN:
SF:src/modules/accounts/use-cases/create-account.ts
FN:7,(anonymous_4)
FN:9,(anonymous_5)
FNF:2
FNH:2
FNDA:3,(anonymous_4)
FNDA:2,(anonymous_5)
DA:1,2
DA:3,2
DA:6,2
DA:7,3
DA:10,2
DA:11,2
DA:12,1
LF:7
LH:7
BRF:0
BRH:0
end_of_record
TN:
SF:src/modules/auth/auth.controller.ts
FN:17,(anonymous_4)
FN:22,(anonymous_5)
FN:28,(anonymous_6)
FNF:3
FNH:2
FNDA:2,(anonymous_4)
FNDA:3,(anonymous_5)
FNDA:0,(anonymous_6)
DA:1,1
DA:2,1
DA:3,1
DA:4,1
DA:5,1
DA:6,1
DA:9,1
DA:11,1
DA:14,1
DA:17,1
DA:18,2
DA:22,1
DA:23,3
DA:28,1
DA:29,0
LF:15
LH:14
BRF:0
BRH:0
end_of_record
TN:
SF:src/modules/auth/auth.guard.ts
FNF:0
FNH:0
DA:2,2
DA:3,2
DA:6,2
LF:3
LH:3
BRF:0
BRH:0
end_of_record
TN:
SF:src/modules/auth/auth.module.ts
FNF:0
FNH:0
DA:1,0
DA:2,0
DA:3,0
DA:5,0
DA:6,0
DA:7,0
DA:9,0
DA:10,0
DA:12,0
DA:13,0
DA:36,0
LF:11
LH:0
BRF:0
BRH:0
end_of_record
TN:
SF:src/modules/auth/dto/authenticate-user.ts
FNF:0
FNH:0
DA:1,1
LF:1
LH:1
BRF:0
BRH:0
end_of_record
TN:
SF:src/modules/auth/strategies/jwt.strategy.ts
FN:9,(anonymous_2)
FN:17,(anonymous_3)
FNF:2
FNH:0
FNDA:0,(anonymous_2)
FNDA:0,(anonymous_3)
DA:1,0
DA:2,0
DA:3,0
DA:5,0
DA:8,0
DA:10,0
DA:18,0
LF:7
LH:0
BRF:0
BRH:0
end_of_record
TN:
SF:src/modules/auth/use-cases/authenticate-user.ts
FN:15,(anonymous_2)
FNF:1
FNH:1
FNDA:3,(anonymous_2)
DA:1,2
DA:8,2
DA:10,2
DA:13,2
DA:16,3
DA:17,3
DA:19,3
DA:20,3
DA:22,2
DA:23,2
DA:25,1
DA:27,1
DA:31,2
LF:13
LH:13
BRDA:20,0,0,1
BRDA:23,1,0,1
BRF:2
BRH:2
end_of_record
TN:
SF:src/modules/auth/use-cases/signup.ts
FN:15,(anonymous_2)
FNF:1
FNH:0
FNDA:0,(anonymous_2)
DA:1,1
DA:4,1
DA:5,1
DA:6,1
DA:8,1
DA:10,1
DA:13,1
DA:16,0
DA:17,0
DA:18,0
LF:10
LH:7
BRF:0
BRH:0
end_of_record
TN:
SF:src/modules/users/users.controller.ts
FN:47,(anonymous_4)
FN:54,(anonymous_5)
FN:61,(anonymous_6)
FN:68,(anonymous_7)
FN:75,(anonymous_8)
FN:82,(anonymous_9)
FNF:6
FNH:6
FNDA:1,(anonymous_4)
FNDA:1,(anonymous_5)
FNDA:1,(anonymous_6)
FNDA:1,(anonymous_7)
FNDA:1,(anonymous_8)
FNDA:1,(anonymous_9)
DA:1,1
DA:3,1
DA:4,1
DA:5,1
DA:7,1
DA:8,1
DA:10,1
DA:11,1
DA:12,1
DA:13,1
DA:14,1
DA:15,1
DA:16,1
DA:17,1
DA:18,1
DA:23,1
DA:26,1
DA:29,1
DA:32,1
DA:35,1
DA:38,1
DA:41,1
DA:47,1
DA:48,1
DA:54,1
DA:55,1
DA:61,1
DA:62,1
DA:68,1
DA:69,1
DA:75,1
DA:76,1
DA:82,1
DA:83,1
LF:34
LH:34
BRF:0
BRH:0
end_of_record
TN:
SF:src/modules/users/users.module.ts
FNF:0
FNH:0
DA:1,0
DA:2,0
DA:4,0
DA:5,0
DA:6,0
DA:8,0
DA:9,0
DA:11,0
DA:12,0
DA:13,0
DA:14,0
DA:40,0
LF:12
LH:0
BRF:0
BRH:0
end_of_record
TN:
SF:src/modules/users/users.repository.ts
FN:9,(anonymous_4)
FN:11,(anonymous_5)
FN:15,(anonymous_6)
FN:19,(anonymous_7)
FN:23,(anonymous_8)
FN:27,(anonymous_9)
FN:31,(anonymous_10)
FNF:7
FNH:0
FNDA:0,(anonymous_4)
FNDA:0,(anonymous_5)
FNDA:0,(anonymous_6)
FNDA:0,(anonymous_7)
FNDA:0,(anonymous_8)
FNDA:0,(anonymous_9)
FNDA:0,(anonymous_10)
DA:1,0
DA:2,0
DA:4,0
DA:5,0
DA:8,0
DA:9,0
DA:12,0
DA:16,0
DA:20,0
DA:24,0
DA:28,0
DA:32,0
LF:12
LH:0
BRF:0
BRH:0
end_of_record
TN:
SF:src/modules/users/dto/create-user.ts
FNF:0
FNH:0
DA:3,2
DA:5,2
DA:7,2
DA:11,2
DA:14,2
LF:5
LH:5
BRF:0
BRH:0
end_of_record
TN:
SF:src/modules/users/dto/update-password.ts
FNF:0
FNH:0
DA:1,1
DA:2,1
DA:4,1
DA:11,1
DA:16,1
LF:5
LH:5
BRF:0
BRH:0
end_of_record
TN:
SF:src/modules/users/dto/update-user.ts
FNF:0
FNH:0
DA:3,1
LF:1
LH:1
BRF:0
BRH:0
end_of_record
TN:
SF:src/modules/users/entities/user.ts
FN:7,(anonymous_9)
FN:32,(anonymous_10)
FN:47,(anonymous_11)
FN:51,(anonymous_12)
FN:29,(anonymous_13)
FN:29,(anonymous_14)
FNF:6
FNH:2
FNDA:7,(anonymous_9)
FNDA:10,(anonymous_10)
FNDA:0,(anonymous_11)
FNDA:0,(anonymous_12)
FNDA:0,(anonymous_13)
FNDA:0,(anonymous_14)
DA:1,7
DA:2,7
DA:3,7
DA:5,7
DA:7,7
DA:8,7
DA:9,7
DA:13,7
DA:15,7
DA:18,7
DA:21,7
DA:24,7
DA:27,7
DA:29,0
DA:30,7
DA:42,10
DA:43,10
DA:47,7
DA:48,0
DA:52,0
LF:20
LH:17
BRDA:7,0,0,7
BRDA:7,0,1,7
BRDA:43,1,0,10
BRDA:43,1,1,10
BRF:4
BRH:4
end_of_record
TN:
SF:src/modules/users/use-cases/create-user.ts
FN:7,(anonymous_4)
FN:9,(anonymous_5)
FNF:2
FNH:2
FNDA:4,(anonymous_4)
FNDA:3,(anonymous_5)
DA:1,3
DA:2,3
DA:6,3
DA:7,4
DA:11,3
DA:12,3
DA:13,1
DA:16,2
DA:18,2
DA:20,1
LF:10
LH:10
BRDA:12,0,0,1
BRF:1
BRH:1
end_of_record
TN:
SF:src/modules/users/use-cases/delete-user.ts
FN:7,(anonymous_4)
FN:9,(anonymous_5)
FNF:2
FNH:2
FNDA:3,(anonymous_4)
FNDA:2,(anonymous_5)
DA:1,2
DA:6,2
DA:7,3
DA:10,2
DA:12,2
DA:13,2
DA:15,1
DA:16,1
LF:8
LH:8
BRDA:13,0,0,1
BRF:1
BRH:1
end_of_record
TN:
SF:src/modules/users/use-cases/find-all.ts
FN:6,(anonymous_4)
FN:8,(anonymous_5)
FNF:2
FNH:2
FNDA:3,(anonymous_4)
FNDA:2,(anonymous_5)
DA:1,2
DA:5,2
DA:6,3
DA:9,2
LF:4
LH:4
BRF:0
BRH:0
end_of_record
TN:
SF:src/modules/users/use-cases/find-by-id.ts
FN:7,(anonymous_4)
FN:9,(anonymous_5)
FNF:2
FNH:2
FNDA:4,(anonymous_4)
FNDA:3,(anonymous_5)
DA:1,2
DA:6,2
DA:7,4
DA:10,3
DA:11,3
DA:12,2
DA:13,1
DA:15,2
LF:8
LH:8
BRDA:12,0,0,1
BRF:1
BRH:1
end_of_record
TN:
SF:src/modules/users/use-cases/update-password.ts
FN:9,(anonymous_4)
FN:14,(anonymous_5)
FNF:2
FNH:2
FNDA:2,(anonymous_4)
FNDA:2,(anonymous_5)
DA:1,2
DA:8,2
DA:11,2
DA:15,2
DA:17,2
DA:19,1
DA:21,1
DA:23,1
DA:25,1
LF:9
LH:9
BRDA:17,0,0,1
BRF:1
BRH:1
end_of_record
TN:
SF:src/modules/users/use-cases/update-user.ts
FN:8,(anonymous_4)
FN:13,(anonymous_5)
FNF:2
FNH:2
FNDA:4,(anonymous_4)
FNDA:3,(anonymous_5)
DA:1,2
DA:7,2
DA:10,4
DA:15,3
DA:16,3
DA:19,2
DA:20,2
DA:21,2
DA:22,1
DA:26,1
DA:27,1
DA:29,1
LF:12
LH:12
BRDA:16,0,0,1
BRDA:19,1,0,2
BRDA:21,2,0,1
BRDA:21,3,0,2
BRDA:21,3,1,1
BRF:5
BRH:5
end_of_record
